<?xml version="1.0" encoding="UTF-8"?>
<!-- Generated by org.testng.reporters.JUnitReportReporter -->
<testsuite hostname="LAINPUMA0800" failures="0" tests="1" name="com.HelloWorld" time="0.007" errors="0" timestamp="8 Feb 2018 13:11:17 GMT">
  <testcase classname="com.HelloWorld" name="myName" time="0.007"/>
</testsuite>
