<?xml version="1.0" encoding="UTF-8"?>
<!-- Generated by org.testng.reporters.JUnitReportReporter -->
<testsuite hostname="LAINPUMA0800" failures="0" tests="1" name="com.HelloWorld" time="0.008" errors="0" timestamp="08 Feb 2018 11:43:46 GMT" skipped="0">
  <testcase classname="com.HelloWorld" name="myName" time="0.008"/>
</testsuite> <!-- com.HelloWorld -->
